2013-09-17T17:07:00-03:00 NOTICE (5): exception 'Zend_Controller_Action_Exception' with message 'Action "actionasdsasd" does not exist and was not trapped in __call()' in /var/www/grass/vendor/zendframework/zendframework1/library/Zend/Controller/Action.php:485
Stack trace:
#0 /var/www/grass/vendor/zendframework/zendframework1/library/Zend/Controller/Action.php(518): Zend_Controller_Action->__call('actionasdsasdAc...', Array)
#1 /var/www/grass/vendor/zendframework/zendframework1/library/Zend/Controller/Dispatcher/Standard.php(308): Zend_Controller_Action->dispatch('actionasdsasdAc...')
#2 /var/www/grass/vendor/zendframework/zendframework1/library/Zend/Controller/Front.php(954): Zend_Controller_Dispatcher_Standard->dispatch(Object(Zend_Controller_Request_Http), Object(Zend_Controller_Response_Http))
#3 /var/www/grass/vendor/zendframework/zendframework1/library/Zend/Application/Bootstrap/Bootstrap.php(97): Zend_Controller_Front->dispatch()
#4 /var/www/grass/vendor/zendframework/zendframework1/library/Zend/Application.php(366): Zend_Application_Bootstrap_Bootstrap->run()
#5 /var/www/grass/public/index.php(10): Zend_Application->run()
#6 [internal function]: {closure}()
#7 /var/www/grass/public/index.php(18): call_user_func(Object(Closure))
#8 {main}
2013-09-17T17:07:35-03:00 CRIT (2): exception 'Zend_Db_Table_Row_Exception' with message 'Specified column "controller" is not in the row' in /var/www/grass/vendor/zendframework/zendframework1/library/Zend/Db/Table/Row/Abstract.php:179
Stack trace:
#0 /var/www/grass/vendor/zendframework/zendframework1/library/Zend/Db/Table/Row/Abstract.php(280): Zend_Db_Table_Row_Abstract->__get('controller')
#1 /var/www/grass/application/views/scripts/menu/navigation.phtml(16): Zend_Db_Table_Row_Abstract->offsetGet('controller')
#2 /var/www/grass/vendor/zendframework/zendframework1/library/Zend/View.php(108): include('/var/www/grass/...')
#3 /var/www/grass/vendor/zendframework/zendframework1/library/Zend/View/Abstract.php(888): Zend_View->_run('/var/www/grass/...')
#4 /var/www/grass/vendor/zendframework/zendframework1/library/Zend/Controller/Action/Helper/ViewRenderer.php(900): Zend_View_Abstract->render('menu/navigation...')
#5 /var/www/grass/vendor/zendframework/zendframework1/library/Zend/Controller/Action/Helper/ViewRenderer.php(921): Zend_Controller_Action_Helper_ViewRenderer->renderScript('menu/navigation...', NULL)
#6 /var/www/grass/vendor/zendframework/zendframework1/library/Zend/Controller/Action/Helper/ViewRenderer.php(960): Zend_Controller_Action_Helper_ViewRenderer->render()
#7 /var/www/grass/vendor/zendframework/zendframework1/library/Zend/Controller/Action/HelperBroker.php(277): Zend_Controller_Action_Helper_ViewRenderer->postDispatch()
#8 /var/www/grass/vendor/zendframework/zendframework1/library/Zend/Controller/Action.php(527): Zend_Controller_Action_HelperBroker->notifyPostDispatch()
#9 /var/www/grass/vendor/zendframework/zendframework1/library/Zend/Controller/Dispatcher/Standard.php(308): Zend_Controller_Action->dispatch('navigationActio...')
#10 /var/www/grass/vendor/zendframework/zendframework1/library/Zend/Controller/Front.php(954): Zend_Controller_Dispatcher_Standard->dispatch(Object(Zend_Controller_Request_Http), Object(Zend_Controller_Response_Http))
#11 /var/www/grass/vendor/zendframework/zendframework1/library/Zend/Application/Bootstrap/Bootstrap.php(97): Zend_Controller_Front->dispatch()
#12 /var/www/grass/vendor/zendframework/zendframework1/library/Zend/Application.php(366): Zend_Application_Bootstrap_Bootstrap->run()
#13 /var/www/grass/public/index.php(10): Zend_Application->run()
#14 [internal function]: {closure}()
#15 /var/www/grass/public/index.php(18): call_user_func(Object(Closure))
#16 {main}
2013-09-17T17:08:43-03:00 CRIT (2): exception 'Zend_Db_Table_Row_Exception' with message 'Specified column "controller" is not in the row' in /var/www/grass/vendor/zendframework/zendframework1/library/Zend/Db/Table/Row/Abstract.php:179
Stack trace:
#0 /var/www/grass/vendor/zendframework/zendframework1/library/Zend/Db/Table/Row/Abstract.php(280): Zend_Db_Table_Row_Abstract->__get('controller')
#1 /var/www/grass/application/views/scripts/menu/navigation.phtml(16): Zend_Db_Table_Row_Abstract->offsetGet('controller')
#2 /var/www/grass/vendor/zendframework/zendframework1/library/Zend/View.php(108): include('/var/www/grass/...')
#3 /var/www/grass/vendor/zendframework/zendframework1/library/Zend/View/Abstract.php(888): Zend_View->_run('/var/www/grass/...')
#4 /var/www/grass/vendor/zendframework/zendframework1/library/Zend/Controller/Action/Helper/ViewRenderer.php(900): Zend_View_Abstract->render('menu/navigation...')
#5 /var/www/grass/vendor/zendframework/zendframework1/library/Zend/Controller/Action/Helper/ViewRenderer.php(921): Zend_Controller_Action_Helper_ViewRenderer->renderScript('menu/navigation...', NULL)
#6 /var/www/grass/vendor/zendframework/zendframework1/library/Zend/Controller/Action/Helper/ViewRenderer.php(960): Zend_Controller_Action_Helper_ViewRenderer->render()
#7 /var/www/grass/vendor/zendframework/zendframework1/library/Zend/Controller/Action/HelperBroker.php(277): Zend_Controller_Action_Helper_ViewRenderer->postDispatch()
#8 /var/www/grass/vendor/zendframework/zendframework1/library/Zend/Controller/Action.php(527): Zend_Controller_Action_HelperBroker->notifyPostDispatch()
#9 /var/www/grass/vendor/zendframework/zendframework1/library/Zend/Controller/Dispatcher/Standard.php(308): Zend_Controller_Action->dispatch('navigationActio...')
#10 /var/www/grass/vendor/zendframework/zendframework1/library/Zend/Controller/Front.php(954): Zend_Controller_Dispatcher_Standard->dispatch(Object(Zend_Controller_Request_Http), Object(Zend_Controller_Response_Http))
#11 /var/www/grass/vendor/zendframework/zendframework1/library/Zend/Application/Bootstrap/Bootstrap.php(97): Zend_Controller_Front->dispatch()
#12 /var/www/grass/vendor/zendframework/zendframework1/library/Zend/Application.php(366): Zend_Application_Bootstrap_Bootstrap->run()
#13 /var/www/grass/public/index.php(10): Zend_Application->run()
#14 [internal function]: {closure}()
#15 /var/www/grass/public/index.php(18): call_user_func(Object(Closure))
#16 {main}
2013-09-17T17:09:15-03:00 NOTICE (5): exception 'Zend_Controller_Action_Exception' with message 'Action "actionasdsasd" does not exist and was not trapped in __call()' in /var/www/grass/vendor/zendframework/zendframework1/library/Zend/Controller/Action.php:485
Stack trace:
#0 /var/www/grass/vendor/zendframework/zendframework1/library/Zend/Controller/Action.php(518): Zend_Controller_Action->__call('actionasdsasdAc...', Array)
#1 /var/www/grass/vendor/zendframework/zendframework1/library/Zend/Controller/Dispatcher/Standard.php(308): Zend_Controller_Action->dispatch('actionasdsasdAc...')
#2 /var/www/grass/vendor/zendframework/zendframework1/library/Zend/Controller/Front.php(954): Zend_Controller_Dispatcher_Standard->dispatch(Object(Zend_Controller_Request_Http), Object(Zend_Controller_Response_Http))
#3 /var/www/grass/vendor/zendframework/zendframework1/library/Zend/Application/Bootstrap/Bootstrap.php(97): Zend_Controller_Front->dispatch()
#4 /var/www/grass/vendor/zendframework/zendframework1/library/Zend/Application.php(366): Zend_Application_Bootstrap_Bootstrap->run()
#5 /var/www/grass/public/index.php(10): Zend_Application->run()
#6 [internal function]: {closure}()
#7 /var/www/grass/public/index.php(18): call_user_func(Object(Closure))
#8 {main}
